e:\wopu\yanghe\highcameradll\highcameradll\release\highcameradll.pch
e:\wopu\yanghe\highcameradll\highcameradll\release\vc120.pdb
e:\wopu\yanghe\highcameradll\highcameradll\release\stdafx.obj
e:\wopu\yanghe\highcameradll\highcameradll\release\simplewine.obj
e:\wopu\yanghe\highcameradll\highcameradll\release\highcameradll.obj
e:\wopu\yanghe\highcameradll\highcameradll\release\bpnet.obj
e:\wopu\yanghe\highcameradll\highcameradll\release\dllmain.obj
e:\wopu\yanghe\highcameradll\release\highcameradll.lib
e:\wopu\yanghe\highcameradll\release\highcameradll.exp
e:\wopu\yanghe\highcameradll\release\highcameradll.dll
e:\wopu\yanghe\highcameradll\release\highcameradll.pdb
e:\wopu\yanghe\git\wine_detect\highcameradll\release\bpnet.obj
e:\wopu\yanghe\git\wine_detect\highcameradll\release\dllmain.obj
e:\wopu\yanghe\git\wine_detect\highcameradll\release\simplewine.obj
e:\wopu\yanghe\git\wine_detect\highcameradll\release\stdafx.obj
e:\wopu\yanghe\git\wine_detect\highcameradll\release\highcameradll.pch
e:\wopu\yanghe\git\wine_detect\highcameradll\release\vc120.pdb
e:\wopu\yanghe\git\wine_detect\highcameradll\release\highcameradll.tlog\cl.command.1.tlog
e:\wopu\yanghe\git\wine_detect\highcameradll\release\highcameradll.tlog\cl.read.1.tlog
e:\wopu\yanghe\git\wine_detect\highcameradll\release\highcameradll.tlog\cl.write.1.tlog
e:\wopu\yanghe\git\wine_detect\highcameradll\release\highcameradll.tlog\highcameradll.write.1u.tlog
e:\wopu\yanghe\git\wine_detect\highcameradll\release\highcameradll.tlog\link.command.1.tlog
e:\wopu\yanghe\git\wine_detect\highcameradll\release\highcameradll.tlog\link.read.1.tlog
e:\wopu\yanghe\git\wine_detect\highcameradll\release\highcameradll.tlog\link.write.1.tlog
