生成启动时间为 2017/10/13 11:20:07。
     1>项目“E:\Wopu\YANGHE\highCameraDLL\highCameraDLL\highCameraDLL.vcxproj”在节点 2 上(Build 个目标)。
     1>ClCompile:
         D:\Program Files (x86)\Microsoft Visual Studio 12.0\VC\bin\x86_amd64\CL.exe /c /ID:\0penCV249\include /Zi /nologo /W3 /WX- /sdl /O2 /Oi /GL /D WIN32 /D NDEBUG /D _WINDOWS /D _USRDLL /D HIGHCAMERADLL_EXPORTS /D _CRT_SECURE_NO_WARNINGS /D _WINDLL /D _MBCS /Gm- /EHsc /MD /GS /Gy /fp:precise /Zc:wchar_t /Zc:forScope /Fo"x64\Release\\" /Fd"x64\Release\vc120.pdb" /Gd /TP /errorReport:prompt DetectWines.cpp WineCount.cpp highCameraDLL.cpp
         DetectWines.cpp
     1>DetectWines.cpp(172): warning C4244: “参数”: 从“double”转换到“float”，可能丢失数据
     1>DetectWines.cpp(320): warning C4267: “初始化”: 从“size_t”转换到“int”，可能丢失数据
     1>DetectWines.cpp(355): warning C4267: “初始化”: 从“size_t”转换到“int”，可能丢失数据
     1>DetectWines.cpp(463): warning C4244: “初始化”: 从“double”转换到“int”，可能丢失数据
     1>DetectWines.cpp(529): warning C4267: “初始化”: 从“size_t”转换到“int”，可能丢失数据
     1>DetectWines.cpp(692): warning C4267: “初始化”: 从“size_t”转换到“int”，可能丢失数据
     1>DetectWines.cpp(912): warning C4267: “初始化”: 从“size_t”转换到“int”，可能丢失数据
     1>DetectWines.cpp(924): warning C4267: “初始化”: 从“size_t”转换到“int”，可能丢失数据
     1>DetectWines.cpp(1170): warning C4267: “初始化”: 从“size_t”转换到“int”，可能丢失数据
     1>DetectWines.cpp(1490): warning C4244: “参数”: 从“double”转换到“float”，可能丢失数据
     1>DetectWines.cpp(1492): warning C4244: “初始化”: 从“double”转换到“float”，可能丢失数据
         WineCount.cpp
     1>WineCount.cpp(71): warning C4267: “参数”: 从“size_t”转换到“int”，可能丢失数据
     1>WineCount.cpp(158): warning C4267: “=”: 从“size_t”转换到“int”，可能丢失数据
     1>WineCount.cpp(168): warning C4267: “=”: 从“size_t”转换到“int”，可能丢失数据
         highCameraDLL.cpp
       Link:
         D:\Program Files (x86)\Microsoft Visual Studio 12.0\VC\bin\x86_amd64\link.exe /ERRORREPORT:PROMPT /OUT:"E:\Wopu\YANGHE\highCameraDLL\x64\Release\highCameraDLL.dll" /INCREMENTAL:NO /NOLOGO /LIBPATH:D:\0penCV249\x64\vc12\lib opencv_core249.lib opencv_highgui249.lib opencv_imgproc249.lib kernel32.lib user32.lib gdi32.lib winspool.lib comdlg32.lib advapi32.lib shell32.lib ole32.lib oleaut32.lib uuid.lib odbc32.lib odbccp32.lib /MANIFEST /MANIFESTUAC:"level='asInvoker' uiAccess='false'" /manifest:embed /DEBUG /PDB:"E:\Wopu\YANGHE\highCameraDLL\x64\Release\highCameraDLL.pdb" /SUBSYSTEM:WINDOWS /OPT:REF /OPT:ICF /LTCG /TLBID:1 /DYNAMICBASE /NXCOMPAT /IMPLIB:"E:\Wopu\YANGHE\highCameraDLL\x64\Release\highCameraDLL.lib" /MACHINE:X64 /DLL x64\Release\BpNet.obj
         x64\Release\DetectWines.obj
         x64\Release\dllmain.obj
         x64\Release\highCameraDLL.obj
         x64\Release\stdafx.obj
         x64\Release\WineCount.obj
            正在创建库 E:\Wopu\YANGHE\highCameraDLL\x64\Release\highCameraDLL.lib 和对象 E:\Wopu\YANGHE\highCameraDLL\x64\Release\highCameraDLL.exp
         正在生成代码
         已完成代码的生成
         highCameraDLL.vcxproj -> E:\Wopu\YANGHE\highCameraDLL\x64\Release\highCameraDLL.dll
     1>已完成生成项目“E:\Wopu\YANGHE\highCameraDLL\highCameraDLL\highCameraDLL.vcxproj”(Build 个目标)的操作。

生成成功。

已用时间 00:00:06.11
