e:\wopu\yanghe\highcameradll\highcameradll\x64\debug\highcameradll.pch
e:\wopu\yanghe\highcameradll\highcameradll\x64\debug\vc120.pdb
e:\wopu\yanghe\highcameradll\highcameradll\x64\debug\vc120.idb
e:\wopu\yanghe\highcameradll\highcameradll\x64\debug\stdafx.obj
e:\wopu\yanghe\highcameradll\highcameradll\x64\debug\highcameradll.obj
e:\wopu\yanghe\highcameradll\highcameradll\x64\debug\winecount.obj
e:\wopu\yanghe\highcameradll\highcameradll\x64\debug\bpnet.obj
e:\wopu\yanghe\highcameradll\highcameradll\x64\debug\detectwines.obj
e:\wopu\yanghe\highcameradll\highcameradll\x64\debug\dllmain.obj
e:\wopu\yanghe\highcameradll\x64\debug\highcameradll.lib
e:\wopu\yanghe\highcameradll\x64\debug\highcameradll.exp
e:\wopu\yanghe\highcameradll\x64\debug\highcameradll.ilk
e:\wopu\yanghe\highcameradll\x64\debug\highcameradll.dll
e:\wopu\yanghe\highcameradll\x64\debug\highcameradll.pdb
e:\wopu\yanghe\highcameradll\highcameradll\x64\debug\highcameradll.tlog\cl.command.1.tlog
e:\wopu\yanghe\highcameradll\highcameradll\x64\debug\highcameradll.tlog\cl.read.1.tlog
e:\wopu\yanghe\highcameradll\highcameradll\x64\debug\highcameradll.tlog\cl.write.1.tlog
e:\wopu\yanghe\highcameradll\highcameradll\x64\debug\highcameradll.tlog\highcameradll.write.1u.tlog
e:\wopu\yanghe\highcameradll\highcameradll\x64\debug\highcameradll.tlog\link.command.1.tlog
e:\wopu\yanghe\highcameradll\highcameradll\x64\debug\highcameradll.tlog\link.read.1.tlog
e:\wopu\yanghe\highcameradll\highcameradll\x64\debug\highcameradll.tlog\link.write.1.tlog
